<?xml version="1.0" encoding="UTF-8"?>
<!-- Generated by org.testng.reporters.JUnitXMLReporter -->
<testsuite hostname="LAPTOP-B8LGFVPS" ignored="3" name="First Test Run" tests="3" failures="0" timestamp="01 Dec 2020 01:25:22 GMT" time="0.124" errors="0">
  <testcase name="test1" time="0.033" classname="practice.HookPractice"/>
  <testcase name="test3" time="0.007" classname="practice.HookPractice"/>
  <testcase name="test5" time="0.005" classname="practice.HookPractice2"/>
  <testcase name="test6" time="0.0" classname="practice.HookPractice2">
    <ignored/>
  </testcase> <!-- test6 -->
  <testcase name="test4" time="0.0" classname="practice.HookPractice2">
    <ignored/>
  </testcase> <!-- test4 -->
  <testcase name="test2" time="0.0" classname="practice.HookPractice">
    <ignored/>
  </testcase> <!-- test2 -->
</testsuite> <!-- First Test Run -->
